<?xml version="1.0" encoding="UTF-8"?>
<testsuites name="Mocha Tests" time="0.0000" tests="1" failures="1">
  <testsuite name="Root Suite" timestamp="2022-04-22T06:53:05" tests="0" file="cypress/integration/CreateBaAP.js" time="0.0000" failures="0">
  </testsuite>
  <testsuite name="CreateBaAP" timestamp="2022-04-22T06:53:05" tests="1" time="0.0000" failures="1">
    <testcase name="CreateBaAP LOGIN TO TIM GUI" time="0.0000" classname="LOGIN TO TIM GUI">
      <failure message="Timed out retrying after 4050ms: `cy.click()` failed because this element:

`&lt;button type=&quot;button&quot; class=&quot;btn dropdown-toggle selectpicker disabled&quot; data-toggle=&quot;dropdown&quot; title=&quot;&quot; tabindex=&quot;-1&quot;&gt;...&lt;/button&gt;`

has CSS `pointer-events: none`

`pointer-events: none` prevents user mouse interaction.

Fix this problem, or use {force: true} to disable error checking.

https://on.cypress.io/element-cannot-be-interacted-with" type="CypressError"><![CDATA[CypressError: Timed out retrying after 4050ms: `cy.click()` failed because this element:

`<button type="button" class="btn dropdown-toggle selectpicker disabled" data-toggle="dropdown" title="" tabindex="-1">...</button>`

has CSS `pointer-events: none`

`pointer-events: none` prevents user mouse interaction.

Fix this problem, or use {force: true} to disable error checking.

https://on.cypress.io/element-cannot-be-interacted-with
    at $Cy.ensureElDoesNotHaveCSS (https://07-tim.imfint.local/__cypress/runner/cypress_runner.js:164049:76)
    at ensureDescendents (https://07-tim.imfint.local/__cypress/runner/cypress_runner.js:150261:8)
    at ensureDescendentsAndScroll (https://07-tim.imfint.local/__cypress/runner/cypress_runner.js:150270:14)
    at ensureElIsNotCovered (https://07-tim.imfint.local/__cypress/runner/cypress_runner.js:150402:5)
    at runAllChecks (https://07-tim.imfint.local/__cypress/runner/cypress_runner.js:150592:52)
    at retryActionability (https://07-tim.imfint.local/__cypress/runner/cypress_runner.js:150616:16)
    at tryCatcher (https://07-tim.imfint.local/__cypress/runner/cypress_runner.js:13022:23)
    at Function.Promise.attempt.Promise.try (https://07-tim.imfint.local/__cypress/runner/cypress_runner.js:10296:29)
    at whenStable (https://07-tim.imfint.local/__cypress/runner/cypress_runner.js:168808:63)
    at https://07-tim.imfint.local/__cypress/runner/cypress_runner.js:168305:14
    at tryCatcher (https://07-tim.imfint.local/__cypress/runner/cypress_runner.js:13022:23)
    at Promise._settlePromiseFromHandler (https://07-tim.imfint.local/__cypress/runner/cypress_runner.js:10957:31)
    at Promise._settlePromise (https://07-tim.imfint.local/__cypress/runner/cypress_runner.js:11014:18)
    at Promise._settlePromise0 (https://07-tim.imfint.local/__cypress/runner/cypress_runner.js:11059:10)
    at Promise._settlePromises (https://07-tim.imfint.local/__cypress/runner/cypress_runner.js:11139:18)
    at Promise._fulfill (https://07-tim.imfint.local/__cypress/runner/cypress_runner.js:11083:18)
From Your Spec Code:
    at Context.eval (https://07-tim.imfint.local/__cypress/tests?p=cypress\integration\CreateBaAP.js:123:52)]]></failure>
    </testcase>
  </testsuite>
</testsuites>